Timing Analyzer report for Matrix_multiplier
Sun Jul 11 16:15:26 2021
Quartus Prime Version 18.1.0 Build 625 09/12/2018 SJ Lite Edition


---------------------
; Table of Contents ;
---------------------
  1. Legal Notice
  2. Timing Analyzer Summary
  3. Parallel Compilation
  4. SDC File List
  5. Clocks
  6. Slow 1200mV 85C Model Fmax Summary
  7. Timing Closure Recommendations
  8. Slow 1200mV 85C Model Setup Summary
  9. Slow 1200mV 85C Model Hold Summary
 10. Slow 1200mV 85C Model Recovery Summary
 11. Slow 1200mV 85C Model Removal Summary
 12. Slow 1200mV 85C Model Minimum Pulse Width Summary
 13. Slow 1200mV 85C Model Setup: 'i_clk'
 14. Slow 1200mV 85C Model Hold: 'i_clk'
 15. Slow 1200mV 85C Model Metastability Summary
 16. Slow 1200mV 0C Model Fmax Summary
 17. Slow 1200mV 0C Model Setup Summary
 18. Slow 1200mV 0C Model Hold Summary
 19. Slow 1200mV 0C Model Recovery Summary
 20. Slow 1200mV 0C Model Removal Summary
 21. Slow 1200mV 0C Model Minimum Pulse Width Summary
 22. Slow 1200mV 0C Model Setup: 'i_clk'
 23. Slow 1200mV 0C Model Hold: 'i_clk'
 24. Slow 1200mV 0C Model Metastability Summary
 25. Fast 1200mV 0C Model Setup Summary
 26. Fast 1200mV 0C Model Hold Summary
 27. Fast 1200mV 0C Model Recovery Summary
 28. Fast 1200mV 0C Model Removal Summary
 29. Fast 1200mV 0C Model Minimum Pulse Width Summary
 30. Fast 1200mV 0C Model Setup: 'i_clk'
 31. Fast 1200mV 0C Model Hold: 'i_clk'
 32. Fast 1200mV 0C Model Metastability Summary
 33. Multicorner Timing Analysis Summary
 34. Board Trace Model Assignments
 35. Input Transition Times
 36. Signal Integrity Metrics (Slow 1200mv 0c Model)
 37. Signal Integrity Metrics (Slow 1200mv 85c Model)
 38. Signal Integrity Metrics (Fast 1200mv 0c Model)
 39. Setup Transfers
 40. Hold Transfers
 41. Report TCCS
 42. Report RSKM
 43. Unconstrained Paths Summary
 44. Clock Status Summary
 45. Unconstrained Input Ports
 46. Unconstrained Output Ports
 47. Unconstrained Input Ports
 48. Unconstrained Output Ports
 49. Timing Analyzer Messages



----------------
; Legal Notice ;
----------------
Copyright (C) 2018  Intel Corporation. All rights reserved.
Your use of Intel Corporation's design tools, logic functions 
and other software and tools, and its AMPP partner logic 
functions, and any output files from any of the foregoing 
(including device programming or simulation files), and any 
associated documentation or information are expressly subject 
to the terms and conditions of the Intel Program License 
Subscription Agreement, the Intel Quartus Prime License Agreement,
the Intel FPGA IP License Agreement, or other applicable license
agreement, including, without limitation, that your use is for
the sole purpose of programming logic devices manufactured by
Intel and sold by Intel or its authorized distributors.  Please
refer to the applicable agreement for further details.



+-----------------------------------------------------------------------------+
; Timing Analyzer Summary                                                     ;
+-----------------------+-----------------------------------------------------+
; Quartus Prime Version ; Version 18.1.0 Build 625 09/12/2018 SJ Lite Edition ;
; Timing Analyzer       ; Legacy Timing Analyzer                              ;
; Revision Name         ; Matrix_multiplier                                   ;
; Device Family         ; Cyclone IV E                                        ;
; Device Name           ; EP4CE115F29C7                                       ;
; Timing Models         ; Final                                               ;
; Delay Model           ; Combined                                            ;
; Rise/Fall Delays      ; Enabled                                             ;
+-----------------------+-----------------------------------------------------+


+------------------------------------------+
; Parallel Compilation                     ;
+----------------------------+-------------+
; Processors                 ; Number      ;
+----------------------------+-------------+
; Number detected on machine ; 8           ;
; Maximum allowed            ; 4           ;
;                            ;             ;
; Average used               ; 1.17        ;
; Maximum used               ; 4           ;
;                            ;             ;
; Usage by Processor         ; % Time Used ;
;     Processor 1            ; 100.0%      ;
;     Processor 2            ;   5.8%      ;
;     Processors 3-4         ;   5.7%      ;
+----------------------------+-------------+


+-----------------------------------------------------------+
; SDC File List                                             ;
+-----------------------+--------+--------------------------+
; SDC File Path         ; Status ; Read at                  ;
+-----------------------+--------+--------------------------+
; Matrix_multiplier.sdc ; OK     ; Sun Jul 11 16:15:22 2021 ;
+-----------------------+--------+--------------------------+


+-----------------------------------------------------------------------------------------------------------------------------------------------------------------------------------+
; Clocks                                                                                                                                                                            ;
+------------+------+--------+-----------+-------+--------+------------+-----------+-------------+-------+--------+-----------+------------+----------+--------+--------+-----------+
; Clock Name ; Type ; Period ; Frequency ; Rise  ; Fall   ; Duty Cycle ; Divide by ; Multiply by ; Phase ; Offset ; Edge List ; Edge Shift ; Inverted ; Master ; Source ; Targets   ;
+------------+------+--------+-----------+-------+--------+------------+-----------+-------------+-------+--------+-----------+------------+----------+--------+--------+-----------+
; i_clk      ; Base ; 20.000 ; 50.0 MHz  ; 0.000 ; 10.000 ;            ;           ;             ;       ;        ;           ;            ;          ;        ;        ; { i_clk } ;
+------------+------+--------+-----------+-------+--------+------------+-----------+-------------+-------+--------+-----------+------------+----------+--------+--------+-----------+


+-----------------------------------------------------------------------------------------------------------+
; Slow 1200mV 85C Model Fmax Summary                                                                        ;
+------------+-----------------+------------+---------------------------------------------------------------+
; Fmax       ; Restricted Fmax ; Clock Name ; Note                                                          ;
+------------+-----------------+------------+---------------------------------------------------------------+
; 400.96 MHz ; 250.0 MHz       ; i_clk      ; limit due to minimum period restriction (max I/O toggle rate) ;
+------------+-----------------+------------+---------------------------------------------------------------+
This panel reports FMAX for every clock in the design, regardless of the user-specified clock periods.  FMAX is only computed for paths where the source and destination registers or ports are driven by the same clock.  Paths of different clocks, including generated clocks, are ignored.  For paths between a clock and its inversion, FMAX is computed as if the rising and falling edges are scaled along with FMAX, such that the duty cycle (in terms of a percentage) is maintained. Altera recommends that you always use clock constraints and other slack reports for sign-off analysis.


----------------------------------
; Timing Closure Recommendations ;
----------------------------------
HTML report is unavailable in plain text report export.


+-------------------------------------+
; Slow 1200mV 85C Model Setup Summary ;
+-------+--------+--------------------+
; Clock ; Slack  ; End Point TNS      ;
+-------+--------+--------------------+
; i_clk ; 17.506 ; 0.000              ;
+-------+--------+--------------------+


+------------------------------------+
; Slow 1200mV 85C Model Hold Summary ;
+-------+-------+--------------------+
; Clock ; Slack ; End Point TNS      ;
+-------+-------+--------------------+
; i_clk ; 0.402 ; 0.000              ;
+-------+-------+--------------------+


------------------------------------------
; Slow 1200mV 85C Model Recovery Summary ;
------------------------------------------
No paths to report.


-----------------------------------------
; Slow 1200mV 85C Model Removal Summary ;
-----------------------------------------
No paths to report.


+---------------------------------------------------+
; Slow 1200mV 85C Model Minimum Pulse Width Summary ;
+-------+-------+-----------------------------------+
; Clock ; Slack ; End Point TNS                     ;
+-------+-------+-----------------------------------+
; i_clk ; 9.720 ; 0.000                             ;
+-------+-------+-----------------------------------+


+------------------------------------------------------------------------------------------------------------------------------------------------+
; Slow 1200mV 85C Model Setup: 'i_clk'                                                                                                           ;
+--------+--------------------------------+--------------------------------+--------------+-------------+--------------+------------+------------+
; Slack  ; From Node                      ; To Node                        ; Launch Clock ; Latch Clock ; Relationship ; Clock Skew ; Data Delay ;
+--------+--------------------------------+--------------------------------+--------------+-------------+--------------+------------+------------+
; 17.506 ; clock_divider:clk_div|count[0] ; clock_divider:clk_div|o_clk    ; i_clk        ; i_clk       ; 20.000       ; -1.422     ; 1.090      ;
; 17.799 ; clock_divider:clk_div|count[1] ; clock_divider:clk_div|o_clk    ; i_clk        ; i_clk       ; 20.000       ; -1.422     ; 0.797      ;
; 18.790 ; clock_divider:clk_div|count[0] ; clock_divider:clk_div|count[1] ; i_clk        ; i_clk       ; 20.000       ; -0.081     ; 1.147      ;
; 19.172 ; clock_divider:clk_div|count[0] ; clock_divider:clk_div|count[0] ; i_clk        ; i_clk       ; 20.000       ; -0.081     ; 0.765      ;
; 19.172 ; clock_divider:clk_div|count[1] ; clock_divider:clk_div|count[1] ; i_clk        ; i_clk       ; 20.000       ; -0.081     ; 0.765      ;
; 19.210 ; clock_divider:clk_div|o_clk    ; clock_divider:clk_div|o_clk    ; i_clk        ; i_clk       ; 20.000       ; -0.043     ; 0.765      ;
+--------+--------------------------------+--------------------------------+--------------+-------------+--------------+------------+------------+


+-----------------------------------------------------------------------------------------------------------------------------------------------+
; Slow 1200mV 85C Model Hold: 'i_clk'                                                                                                           ;
+-------+--------------------------------+--------------------------------+--------------+-------------+--------------+------------+------------+
; Slack ; From Node                      ; To Node                        ; Launch Clock ; Latch Clock ; Relationship ; Clock Skew ; Data Delay ;
+-------+--------------------------------+--------------------------------+--------------+-------------+--------------+------------+------------+
; 0.402 ; clock_divider:clk_div|count[1] ; clock_divider:clk_div|count[1] ; i_clk        ; i_clk       ; 0.000        ; 0.081      ; 0.669      ;
; 0.407 ; clock_divider:clk_div|count[0] ; clock_divider:clk_div|count[0] ; i_clk        ; i_clk       ; 0.000        ; 0.081      ; 0.674      ;
; 0.440 ; clock_divider:clk_div|o_clk    ; clock_divider:clk_div|o_clk    ; i_clk        ; i_clk       ; 0.000        ; 0.043      ; 0.669      ;
; 0.647 ; clock_divider:clk_div|count[0] ; clock_divider:clk_div|count[1] ; i_clk        ; i_clk       ; 0.000        ; 0.081      ; 0.914      ;
; 1.750 ; clock_divider:clk_div|count[1] ; clock_divider:clk_div|o_clk    ; i_clk        ; i_clk       ; 0.000        ; -1.249     ; 0.687      ;
; 1.977 ; clock_divider:clk_div|count[0] ; clock_divider:clk_div|o_clk    ; i_clk        ; i_clk       ; 0.000        ; -1.249     ; 0.914      ;
+-------+--------------------------------+--------------------------------+--------------+-------------+--------------+------------+------------+


-----------------------------------------------
; Slow 1200mV 85C Model Metastability Summary ;
-----------------------------------------------
No synchronizer chains to report.


+-----------------------------------------------------------------------------------------------------------+
; Slow 1200mV 0C Model Fmax Summary                                                                         ;
+------------+-----------------+------------+---------------------------------------------------------------+
; Fmax       ; Restricted Fmax ; Clock Name ; Note                                                          ;
+------------+-----------------+------------+---------------------------------------------------------------+
; 451.67 MHz ; 250.0 MHz       ; i_clk      ; limit due to minimum period restriction (max I/O toggle rate) ;
+------------+-----------------+------------+---------------------------------------------------------------+
This panel reports FMAX for every clock in the design, regardless of the user-specified clock periods.  FMAX is only computed for paths where the source and destination registers or ports are driven by the same clock.  Paths of different clocks, including generated clocks, are ignored.  For paths between a clock and its inversion, FMAX is computed as if the rising and falling edges are scaled along with FMAX, such that the duty cycle (in terms of a percentage) is maintained. Altera recommends that you always use clock constraints and other slack reports for sign-off analysis.


+------------------------------------+
; Slow 1200mV 0C Model Setup Summary ;
+-------+--------+-------------------+
; Clock ; Slack  ; End Point TNS     ;
+-------+--------+-------------------+
; i_clk ; 17.786 ; 0.000             ;
+-------+--------+-------------------+


+-----------------------------------+
; Slow 1200mV 0C Model Hold Summary ;
+-------+-------+-------------------+
; Clock ; Slack ; End Point TNS     ;
+-------+-------+-------------------+
; i_clk ; 0.353 ; 0.000             ;
+-------+-------+-------------------+


-----------------------------------------
; Slow 1200mV 0C Model Recovery Summary ;
-----------------------------------------
No paths to report.


----------------------------------------
; Slow 1200mV 0C Model Removal Summary ;
----------------------------------------
No paths to report.


+--------------------------------------------------+
; Slow 1200mV 0C Model Minimum Pulse Width Summary ;
+-------+-------+----------------------------------+
; Clock ; Slack ; End Point TNS                    ;
+-------+-------+----------------------------------+
; i_clk ; 9.724 ; 0.000                            ;
+-------+-------+----------------------------------+


+------------------------------------------------------------------------------------------------------------------------------------------------+
; Slow 1200mV 0C Model Setup: 'i_clk'                                                                                                            ;
+--------+--------------------------------+--------------------------------+--------------+-------------+--------------+------------+------------+
; Slack  ; From Node                      ; To Node                        ; Launch Clock ; Latch Clock ; Relationship ; Clock Skew ; Data Delay ;
+--------+--------------------------------+--------------------------------+--------------+-------------+--------------+------------+------------+
; 17.786 ; clock_divider:clk_div|count[0] ; clock_divider:clk_div|o_clk    ; i_clk        ; i_clk       ; 20.000       ; -1.250     ; 0.983      ;
; 18.045 ; clock_divider:clk_div|count[1] ; clock_divider:clk_div|o_clk    ; i_clk        ; i_clk       ; 20.000       ; -1.250     ; 0.724      ;
; 18.917 ; clock_divider:clk_div|count[0] ; clock_divider:clk_div|count[1] ; i_clk        ; i_clk       ; 20.000       ; -0.073     ; 1.029      ;
; 19.263 ; clock_divider:clk_div|count[0] ; clock_divider:clk_div|count[0] ; i_clk        ; i_clk       ; 20.000       ; -0.073     ; 0.683      ;
; 19.263 ; clock_divider:clk_div|count[1] ; clock_divider:clk_div|count[1] ; i_clk        ; i_clk       ; 20.000       ; -0.073     ; 0.683      ;
; 19.297 ; clock_divider:clk_div|o_clk    ; clock_divider:clk_div|o_clk    ; i_clk        ; i_clk       ; 20.000       ; -0.039     ; 0.683      ;
+--------+--------------------------------+--------------------------------+--------------+-------------+--------------+------------+------------+


+-----------------------------------------------------------------------------------------------------------------------------------------------+
; Slow 1200mV 0C Model Hold: 'i_clk'                                                                                                            ;
+-------+--------------------------------+--------------------------------+--------------+-------------+--------------+------------+------------+
; Slack ; From Node                      ; To Node                        ; Launch Clock ; Latch Clock ; Relationship ; Clock Skew ; Data Delay ;
+-------+--------------------------------+--------------------------------+--------------+-------------+--------------+------------+------------+
; 0.353 ; clock_divider:clk_div|count[1] ; clock_divider:clk_div|count[1] ; i_clk        ; i_clk       ; 0.000        ; 0.073      ; 0.597      ;
; 0.364 ; clock_divider:clk_div|count[0] ; clock_divider:clk_div|count[0] ; i_clk        ; i_clk       ; 0.000        ; 0.073      ; 0.608      ;
; 0.387 ; clock_divider:clk_div|o_clk    ; clock_divider:clk_div|o_clk    ; i_clk        ; i_clk       ; 0.000        ; 0.039      ; 0.597      ;
; 0.592 ; clock_divider:clk_div|count[0] ; clock_divider:clk_div|count[1] ; i_clk        ; i_clk       ; 0.000        ; 0.073      ; 0.836      ;
; 1.548 ; clock_divider:clk_div|count[1] ; clock_divider:clk_div|o_clk    ; i_clk        ; i_clk       ; 0.000        ; -1.095     ; 0.624      ;
; 1.759 ; clock_divider:clk_div|count[0] ; clock_divider:clk_div|o_clk    ; i_clk        ; i_clk       ; 0.000        ; -1.095     ; 0.835      ;
+-------+--------------------------------+--------------------------------+--------------+-------------+--------------+------------+------------+


----------------------------------------------
; Slow 1200mV 0C Model Metastability Summary ;
----------------------------------------------
No synchronizer chains to report.


+------------------------------------+
; Fast 1200mV 0C Model Setup Summary ;
+-------+--------+-------------------+
; Clock ; Slack  ; End Point TNS     ;
+-------+--------+-------------------+
; i_clk ; 18.666 ; 0.000             ;
+-------+--------+-------------------+


+-----------------------------------+
; Fast 1200mV 0C Model Hold Summary ;
+-------+-------+-------------------+
; Clock ; Slack ; End Point TNS     ;
+-------+-------+-------------------+
; i_clk ; 0.180 ; 0.000             ;
+-------+-------+-------------------+


-----------------------------------------
; Fast 1200mV 0C Model Recovery Summary ;
-----------------------------------------
No paths to report.


----------------------------------------
; Fast 1200mV 0C Model Removal Summary ;
----------------------------------------
No paths to report.


+--------------------------------------------------+
; Fast 1200mV 0C Model Minimum Pulse Width Summary ;
+-------+-------+----------------------------------+
; Clock ; Slack ; End Point TNS                    ;
+-------+-------+----------------------------------+
; i_clk ; 9.440 ; 0.000                            ;
+-------+-------+----------------------------------+


+------------------------------------------------------------------------------------------------------------------------------------------------+
; Fast 1200mV 0C Model Setup: 'i_clk'                                                                                                            ;
+--------+--------------------------------+--------------------------------+--------------+-------------+--------------+------------+------------+
; Slack  ; From Node                      ; To Node                        ; Launch Clock ; Latch Clock ; Relationship ; Clock Skew ; Data Delay ;
+--------+--------------------------------+--------------------------------+--------------+-------------+--------------+------------+------------+
; 18.666 ; clock_divider:clk_div|count[0] ; clock_divider:clk_div|o_clk    ; i_clk        ; i_clk       ; 20.000       ; -0.821     ; 0.520      ;
; 18.813 ; clock_divider:clk_div|count[1] ; clock_divider:clk_div|o_clk    ; i_clk        ; i_clk       ; 20.000       ; -0.821     ; 0.373      ;
; 19.414 ; clock_divider:clk_div|count[0] ; clock_divider:clk_div|count[1] ; i_clk        ; i_clk       ; 20.000       ; -0.043     ; 0.550      ;
; 19.605 ; clock_divider:clk_div|count[0] ; clock_divider:clk_div|count[0] ; i_clk        ; i_clk       ; 20.000       ; -0.043     ; 0.359      ;
; 19.605 ; clock_divider:clk_div|count[1] ; clock_divider:clk_div|count[1] ; i_clk        ; i_clk       ; 20.000       ; -0.043     ; 0.359      ;
; 19.626 ; clock_divider:clk_div|o_clk    ; clock_divider:clk_div|o_clk    ; i_clk        ; i_clk       ; 20.000       ; -0.022     ; 0.359      ;
+--------+--------------------------------+--------------------------------+--------------+-------------+--------------+------------+------------+


+-----------------------------------------------------------------------------------------------------------------------------------------------+
; Fast 1200mV 0C Model Hold: 'i_clk'                                                                                                            ;
+-------+--------------------------------+--------------------------------+--------------+-------------+--------------+------------+------------+
; Slack ; From Node                      ; To Node                        ; Launch Clock ; Latch Clock ; Relationship ; Clock Skew ; Data Delay ;
+-------+--------------------------------+--------------------------------+--------------+-------------+--------------+------------+------------+
; 0.180 ; clock_divider:clk_div|count[1] ; clock_divider:clk_div|count[1] ; i_clk        ; i_clk       ; 0.000        ; 0.043      ; 0.307      ;
; 0.187 ; clock_divider:clk_div|count[0] ; clock_divider:clk_div|count[0] ; i_clk        ; i_clk       ; 0.000        ; 0.043      ; 0.314      ;
; 0.201 ; clock_divider:clk_div|o_clk    ; clock_divider:clk_div|o_clk    ; i_clk        ; i_clk       ; 0.000        ; 0.022      ; 0.307      ;
; 0.295 ; clock_divider:clk_div|count[0] ; clock_divider:clk_div|count[1] ; i_clk        ; i_clk       ; 0.000        ; 0.043      ; 0.422      ;
; 0.957 ; clock_divider:clk_div|count[1] ; clock_divider:clk_div|o_clk    ; i_clk        ; i_clk       ; 0.000        ; -0.727     ; 0.314      ;
; 1.064 ; clock_divider:clk_div|count[0] ; clock_divider:clk_div|o_clk    ; i_clk        ; i_clk       ; 0.000        ; -0.727     ; 0.421      ;
+-------+--------------------------------+--------------------------------+--------------+-------------+--------------+------------+------------+


----------------------------------------------
; Fast 1200mV 0C Model Metastability Summary ;
----------------------------------------------
No synchronizer chains to report.


+------------------------------------------------------------------------------+
; Multicorner Timing Analysis Summary                                          ;
+------------------+--------+-------+----------+---------+---------------------+
; Clock            ; Setup  ; Hold  ; Recovery ; Removal ; Minimum Pulse Width ;
+------------------+--------+-------+----------+---------+---------------------+
; Worst-case Slack ; 17.506 ; 0.180 ; N/A      ; N/A     ; 9.440               ;
;  i_clk           ; 17.506 ; 0.180 ; N/A      ; N/A     ; 9.440               ;
; Design-wide TNS  ; 0.0    ; 0.0   ; 0.0      ; 0.0     ; 0.0                 ;
;  i_clk           ; 0.000  ; 0.000 ; N/A      ; N/A     ; 0.000               ;
+------------------+--------+-------+----------+---------+---------------------+


+------------------------------------------------------------------------------------------------------------------------------------------------------------------------------------------------------------------------------------------------------------------------------------------------------------------------------------------------------------------------------------------------------------------+
; Board Trace Model Assignments                                                                                                                                                                                                                                                                                                                                                                                    ;
+---------------+--------------+-------------------+-------------------------+-------------------------+---------------+---------------------+----------------+------------------+--------+------------------+------------------------+------------------------+--------------+---------------+-----------------+-------+---------------------+--------------------+---------------+-----------------+-------------+
; Pin           ; I/O Standard ; Near Tline Length ; Near Tline L per Length ; Near Tline C per Length ; Near Series R ; Near Differential R ; Near Pull-up R ; Near Pull-down R ; Near C ; Far Tline Length ; Far Tline L per Length ; Far Tline C per Length ; Far Series R ; Far Pull-up R ; Far Pull-down R ; Far C ; Termination Voltage ; Far Differential R ; EBD File Name ; EBD Signal Name ; EBD Far-end ;
+---------------+--------------+-------------------+-------------------------+-------------------------+---------------+---------------------+----------------+------------------+--------+------------------+------------------------+------------------------+--------------+---------------+-----------------+-------+---------------------+--------------------+---------------+-----------------+-------------+
; o_busy_1      ; 2.5 V        ; 0 in              ; 0 H/in                  ; 0 F/in                  ; short         ; -                   ; open           ; open             ; open   ; 0 in             ; 0 H/in                 ; 0 F/in                 ; short        ; open          ; open            ; open  ; 0 V                 ; -                  ; n/a           ; n/a             ; n/a         ;
; o_busy_2      ; 2.5 V        ; 0 in              ; 0 H/in                  ; 0 F/in                  ; short         ; -                   ; open           ; open             ; open   ; 0 in             ; 0 H/in                 ; 0 F/in                 ; short        ; open          ; open            ; open  ; 0 V                 ; -                  ; n/a           ; n/a             ; n/a         ;
; o_busy_3      ; 2.5 V        ; 0 in              ; 0 H/in                  ; 0 F/in                  ; short         ; -                   ; open           ; open             ; open   ; 0 in             ; 0 H/in                 ; 0 F/in                 ; short        ; open          ; open            ; open  ; 0 V                 ; -                  ; n/a           ; n/a             ; n/a         ;
; o_busy_4      ; 2.5 V        ; 0 in              ; 0 H/in                  ; 0 F/in                  ; short         ; -                   ; open           ; open             ; open   ; 0 in             ; 0 H/in                 ; 0 F/in                 ; short        ; open          ; open            ; open  ; 0 V                 ; -                  ; n/a           ; n/a             ; n/a         ;
; ~ALTERA_DCLK~ ; 2.5 V        ; 0 in              ; 0 H/in                  ; 0 F/in                  ; short         ; -                   ; open           ; open             ; open   ; 0 in             ; 0 H/in                 ; 0 F/in                 ; short        ; open          ; open            ; open  ; 0 V                 ; -                  ; n/a           ; n/a             ; n/a         ;
; ~ALTERA_nCEO~ ; 2.5 V        ; 0 in              ; 0 H/in                  ; 0 F/in                  ; short         ; -                   ; open           ; open             ; open   ; 0 in             ; 0 H/in                 ; 0 F/in                 ; short        ; open          ; open            ; open  ; 0 V                 ; -                  ; n/a           ; n/a             ; n/a         ;
+---------------+--------------+-------------------+-------------------------+-------------------------+---------------+---------------------+----------------+------------------+--------+------------------+------------------------+------------------------+--------------+---------------+-----------------+-------+---------------------+--------------------+---------------+-----------------+-------------+


+----------------------------------------------------------------------------+
; Input Transition Times                                                     ;
+-------------------------+--------------+-----------------+-----------------+
; Pin                     ; I/O Standard ; 10-90 Rise Time ; 90-10 Fall Time ;
+-------------------------+--------------+-----------------+-----------------+
; i_start                 ; 2.5 V        ; 2000 ps         ; 2000 ps         ;
; i_clk                   ; 2.5 V        ; 2000 ps         ; 2000 ps         ;
; ~ALTERA_ASDO_DATA1~     ; 2.5 V        ; 2000 ps         ; 2000 ps         ;
; ~ALTERA_FLASH_nCE_nCSO~ ; 2.5 V        ; 2000 ps         ; 2000 ps         ;
; ~ALTERA_DATA0~          ; 2.5 V        ; 2000 ps         ; 2000 ps         ;
+-------------------------+--------------+-----------------+-----------------+


+--------------------------------------------------------------------------------------------------------------------------------------------------------------------------------------------------------------------------------------------------------------------------------------------------------------------------------------------------------------------------------------------------------------------------------------------------------------------------------------------------------------------------------------------------------------------------------------------------------------------------------------------------------------------------------------------+
; Signal Integrity Metrics (Slow 1200mv 0c Model)                                                                                                                                                                                                                                                                                                                                                                                                                                                                                                                                                                                                                                            ;
+---------------+--------------+---------------------+---------------------+------------------------------+------------------------------+---------------------+---------------------+--------------------------------------+--------------------------------------+-----------------------------+-----------------------------+----------------------------+----------------------------+-----------------------------+-----------------------------+--------------------+--------------------+-------------------------------------+-------------------------------------+----------------------------+----------------------------+---------------------------+---------------------------+
; Pin           ; I/O Standard ; Board Delay on Rise ; Board Delay on Fall ; Steady State Voh at FPGA Pin ; Steady State Vol at FPGA Pin ; Voh Max at FPGA Pin ; Vol Min at FPGA Pin ; Ringback Voltage on Rise at FPGA Pin ; Ringback Voltage on Fall at FPGA Pin ; 10-90 Rise Time at FPGA Pin ; 90-10 Fall Time at FPGA Pin ; Monotonic Rise at FPGA Pin ; Monotonic Fall at FPGA Pin ; Steady State Voh at Far-end ; Steady State Vol at Far-end ; Voh Max at Far-end ; Vol Min at Far-end ; Ringback Voltage on Rise at Far-end ; Ringback Voltage on Fall at Far-end ; 10-90 Rise Time at Far-end ; 90-10 Fall Time at Far-end ; Monotonic Rise at Far-end ; Monotonic Fall at Far-end ;
+---------------+--------------+---------------------+---------------------+------------------------------+------------------------------+---------------------+---------------------+--------------------------------------+--------------------------------------+-----------------------------+-----------------------------+----------------------------+----------------------------+-----------------------------+-----------------------------+--------------------+--------------------+-------------------------------------+-------------------------------------+----------------------------+----------------------------+---------------------------+---------------------------+
; o_busy_1      ; 2.5 V        ; 0 s                 ; 0 s                 ; 2.32 V                       ; 4.49e-09 V                   ; 2.38 V              ; -0.00552 V          ; 0.096 V                              ; 0.019 V                              ; 4.18e-10 s                  ; 3.59e-10 s                  ; No                         ; Yes                        ; 2.32 V                      ; 4.49e-09 V                  ; 2.38 V             ; -0.00552 V         ; 0.096 V                             ; 0.019 V                             ; 4.18e-10 s                 ; 3.59e-10 s                 ; No                        ; Yes                       ;
; o_busy_2      ; 2.5 V        ; 0 s                 ; 0 s                 ; 2.32 V                       ; 4.49e-09 V                   ; 2.38 V              ; -0.00552 V          ; 0.096 V                              ; 0.019 V                              ; 4.18e-10 s                  ; 3.59e-10 s                  ; No                         ; Yes                        ; 2.32 V                      ; 4.49e-09 V                  ; 2.38 V             ; -0.00552 V         ; 0.096 V                             ; 0.019 V                             ; 4.18e-10 s                 ; 3.59e-10 s                 ; No                        ; Yes                       ;
; o_busy_3      ; 2.5 V        ; 0 s                 ; 0 s                 ; 2.32 V                       ; 4.49e-09 V                   ; 2.38 V              ; -0.00552 V          ; 0.096 V                              ; 0.019 V                              ; 4.18e-10 s                  ; 3.59e-10 s                  ; No                         ; Yes                        ; 2.32 V                      ; 4.49e-09 V                  ; 2.38 V             ; -0.00552 V         ; 0.096 V                             ; 0.019 V                             ; 4.18e-10 s                 ; 3.59e-10 s                 ; No                        ; Yes                       ;
; o_busy_4      ; 2.5 V        ; 0 s                 ; 0 s                 ; 2.32 V                       ; 4.49e-09 V                   ; 2.38 V              ; -0.00552 V          ; 0.096 V                              ; 0.019 V                              ; 4.18e-10 s                  ; 3.59e-10 s                  ; No                         ; Yes                        ; 2.32 V                      ; 4.49e-09 V                  ; 2.38 V             ; -0.00552 V         ; 0.096 V                             ; 0.019 V                             ; 4.18e-10 s                 ; 3.59e-10 s                 ; No                        ; Yes                       ;
; ~ALTERA_DCLK~ ; 2.5 V        ; 0 s                 ; 0 s                 ; 2.32 V                       ; 2.67e-09 V                   ; 2.38 V              ; -0.0485 V           ; 0.167 V                              ; 0.096 V                              ; 2.95e-10 s                  ; 2.73e-10 s                  ; Yes                        ; Yes                        ; 2.32 V                      ; 2.67e-09 V                  ; 2.38 V             ; -0.0485 V          ; 0.167 V                             ; 0.096 V                             ; 2.95e-10 s                 ; 2.73e-10 s                 ; Yes                       ; Yes                       ;
; ~ALTERA_nCEO~ ; 2.5 V        ; 0 s                 ; 0 s                 ; 2.32 V                       ; 4.18e-09 V                   ; 2.38 V              ; -0.00483 V          ; 0.152 V                              ; 0.012 V                              ; 4.81e-10 s                  ; 6.29e-10 s                  ; Yes                        ; Yes                        ; 2.32 V                      ; 4.18e-09 V                  ; 2.38 V             ; -0.00483 V         ; 0.152 V                             ; 0.012 V                             ; 4.81e-10 s                 ; 6.29e-10 s                 ; Yes                       ; Yes                       ;
+---------------+--------------+---------------------+---------------------+------------------------------+------------------------------+---------------------+---------------------+--------------------------------------+--------------------------------------+-----------------------------+-----------------------------+----------------------------+----------------------------+-----------------------------+-----------------------------+--------------------+--------------------+-------------------------------------+-------------------------------------+----------------------------+----------------------------+---------------------------+---------------------------+


+--------------------------------------------------------------------------------------------------------------------------------------------------------------------------------------------------------------------------------------------------------------------------------------------------------------------------------------------------------------------------------------------------------------------------------------------------------------------------------------------------------------------------------------------------------------------------------------------------------------------------------------------------------------------------------------------+
; Signal Integrity Metrics (Slow 1200mv 85c Model)                                                                                                                                                                                                                                                                                                                                                                                                                                                                                                                                                                                                                                           ;
+---------------+--------------+---------------------+---------------------+------------------------------+------------------------------+---------------------+---------------------+--------------------------------------+--------------------------------------+-----------------------------+-----------------------------+----------------------------+----------------------------+-----------------------------+-----------------------------+--------------------+--------------------+-------------------------------------+-------------------------------------+----------------------------+----------------------------+---------------------------+---------------------------+
; Pin           ; I/O Standard ; Board Delay on Rise ; Board Delay on Fall ; Steady State Voh at FPGA Pin ; Steady State Vol at FPGA Pin ; Voh Max at FPGA Pin ; Vol Min at FPGA Pin ; Ringback Voltage on Rise at FPGA Pin ; Ringback Voltage on Fall at FPGA Pin ; 10-90 Rise Time at FPGA Pin ; 90-10 Fall Time at FPGA Pin ; Monotonic Rise at FPGA Pin ; Monotonic Fall at FPGA Pin ; Steady State Voh at Far-end ; Steady State Vol at Far-end ; Voh Max at Far-end ; Vol Min at Far-end ; Ringback Voltage on Rise at Far-end ; Ringback Voltage on Fall at Far-end ; 10-90 Rise Time at Far-end ; 90-10 Fall Time at Far-end ; Monotonic Rise at Far-end ; Monotonic Fall at Far-end ;
+---------------+--------------+---------------------+---------------------+------------------------------+------------------------------+---------------------+---------------------+--------------------------------------+--------------------------------------+-----------------------------+-----------------------------+----------------------------+----------------------------+-----------------------------+-----------------------------+--------------------+--------------------+-------------------------------------+-------------------------------------+----------------------------+----------------------------+---------------------------+---------------------------+
; o_busy_1      ; 2.5 V        ; 0 s                 ; 0 s                 ; 2.32 V                       ; 6.92e-07 V                   ; 2.35 V              ; -0.00996 V          ; 0.121 V                              ; 0.03 V                               ; 4.64e-10 s                  ; 4.47e-10 s                  ; Yes                        ; Yes                        ; 2.32 V                      ; 6.92e-07 V                  ; 2.35 V             ; -0.00996 V         ; 0.121 V                             ; 0.03 V                              ; 4.64e-10 s                 ; 4.47e-10 s                 ; Yes                       ; Yes                       ;
; o_busy_2      ; 2.5 V        ; 0 s                 ; 0 s                 ; 2.32 V                       ; 6.92e-07 V                   ; 2.35 V              ; -0.00996 V          ; 0.121 V                              ; 0.03 V                               ; 4.64e-10 s                  ; 4.47e-10 s                  ; Yes                        ; Yes                        ; 2.32 V                      ; 6.92e-07 V                  ; 2.35 V             ; -0.00996 V         ; 0.121 V                             ; 0.03 V                              ; 4.64e-10 s                 ; 4.47e-10 s                 ; Yes                       ; Yes                       ;
; o_busy_3      ; 2.5 V        ; 0 s                 ; 0 s                 ; 2.32 V                       ; 6.92e-07 V                   ; 2.35 V              ; -0.00996 V          ; 0.121 V                              ; 0.03 V                               ; 4.64e-10 s                  ; 4.47e-10 s                  ; Yes                        ; Yes                        ; 2.32 V                      ; 6.92e-07 V                  ; 2.35 V             ; -0.00996 V         ; 0.121 V                             ; 0.03 V                              ; 4.64e-10 s                 ; 4.47e-10 s                 ; Yes                       ; Yes                       ;
; o_busy_4      ; 2.5 V        ; 0 s                 ; 0 s                 ; 2.32 V                       ; 6.92e-07 V                   ; 2.35 V              ; -0.00996 V          ; 0.121 V                              ; 0.03 V                               ; 4.64e-10 s                  ; 4.47e-10 s                  ; Yes                        ; Yes                        ; 2.32 V                      ; 6.92e-07 V                  ; 2.35 V             ; -0.00996 V         ; 0.121 V                             ; 0.03 V                              ; 4.64e-10 s                 ; 4.47e-10 s                 ; Yes                       ; Yes                       ;
; ~ALTERA_DCLK~ ; 2.5 V        ; 0 s                 ; 0 s                 ; 2.32 V                       ; 3.75e-07 V                   ; 2.35 V              ; -0.0109 V           ; 0.084 V                              ; 0.027 V                              ; 4.31e-10 s                  ; 3.61e-10 s                  ; Yes                        ; Yes                        ; 2.32 V                      ; 3.75e-07 V                  ; 2.35 V             ; -0.0109 V          ; 0.084 V                             ; 0.027 V                             ; 4.31e-10 s                 ; 3.61e-10 s                 ; Yes                       ; Yes                       ;
; ~ALTERA_nCEO~ ; 2.5 V        ; 0 s                 ; 0 s                 ; 2.32 V                       ; 6.15e-07 V                   ; 2.35 V              ; -0.00712 V          ; 0.093 V                              ; 0.02 V                               ; 6.21e-10 s                  ; 7.9e-10 s                   ; Yes                        ; Yes                        ; 2.32 V                      ; 6.15e-07 V                  ; 2.35 V             ; -0.00712 V         ; 0.093 V                             ; 0.02 V                              ; 6.21e-10 s                 ; 7.9e-10 s                  ; Yes                       ; Yes                       ;
+---------------+--------------+---------------------+---------------------+------------------------------+------------------------------+---------------------+---------------------+--------------------------------------+--------------------------------------+-----------------------------+-----------------------------+----------------------------+----------------------------+-----------------------------+-----------------------------+--------------------+--------------------+-------------------------------------+-------------------------------------+----------------------------+----------------------------+---------------------------+---------------------------+


+--------------------------------------------------------------------------------------------------------------------------------------------------------------------------------------------------------------------------------------------------------------------------------------------------------------------------------------------------------------------------------------------------------------------------------------------------------------------------------------------------------------------------------------------------------------------------------------------------------------------------------------------------------------------------------------------+
; Signal Integrity Metrics (Fast 1200mv 0c Model)                                                                                                                                                                                                                                                                                                                                                                                                                                                                                                                                                                                                                                            ;
+---------------+--------------+---------------------+---------------------+------------------------------+------------------------------+---------------------+---------------------+--------------------------------------+--------------------------------------+-----------------------------+-----------------------------+----------------------------+----------------------------+-----------------------------+-----------------------------+--------------------+--------------------+-------------------------------------+-------------------------------------+----------------------------+----------------------------+---------------------------+---------------------------+
; Pin           ; I/O Standard ; Board Delay on Rise ; Board Delay on Fall ; Steady State Voh at FPGA Pin ; Steady State Vol at FPGA Pin ; Voh Max at FPGA Pin ; Vol Min at FPGA Pin ; Ringback Voltage on Rise at FPGA Pin ; Ringback Voltage on Fall at FPGA Pin ; 10-90 Rise Time at FPGA Pin ; 90-10 Fall Time at FPGA Pin ; Monotonic Rise at FPGA Pin ; Monotonic Fall at FPGA Pin ; Steady State Voh at Far-end ; Steady State Vol at Far-end ; Voh Max at Far-end ; Vol Min at Far-end ; Ringback Voltage on Rise at Far-end ; Ringback Voltage on Fall at Far-end ; 10-90 Rise Time at Far-end ; 90-10 Fall Time at Far-end ; Monotonic Rise at Far-end ; Monotonic Fall at Far-end ;
+---------------+--------------+---------------------+---------------------+------------------------------+------------------------------+---------------------+---------------------+--------------------------------------+--------------------------------------+-----------------------------+-----------------------------+----------------------------+----------------------------+-----------------------------+-----------------------------+--------------------+--------------------+-------------------------------------+-------------------------------------+----------------------------+----------------------------+---------------------------+---------------------------+
; o_busy_1      ; 2.5 V        ; 0 s                 ; 0 s                 ; 2.62 V                       ; 4.05e-08 V                   ; 2.72 V              ; -0.0349 V           ; 0.173 V                              ; 0.1 V                                ; 2.72e-10 s                  ; 2.69e-10 s                  ; Yes                        ; Yes                        ; 2.62 V                      ; 4.05e-08 V                  ; 2.72 V             ; -0.0349 V          ; 0.173 V                             ; 0.1 V                               ; 2.72e-10 s                 ; 2.69e-10 s                 ; Yes                       ; Yes                       ;
; o_busy_2      ; 2.5 V        ; 0 s                 ; 0 s                 ; 2.62 V                       ; 4.05e-08 V                   ; 2.72 V              ; -0.0349 V           ; 0.173 V                              ; 0.1 V                                ; 2.72e-10 s                  ; 2.69e-10 s                  ; Yes                        ; Yes                        ; 2.62 V                      ; 4.05e-08 V                  ; 2.72 V             ; -0.0349 V          ; 0.173 V                             ; 0.1 V                               ; 2.72e-10 s                 ; 2.69e-10 s                 ; Yes                       ; Yes                       ;
; o_busy_3      ; 2.5 V        ; 0 s                 ; 0 s                 ; 2.62 V                       ; 4.05e-08 V                   ; 2.72 V              ; -0.0349 V           ; 0.173 V                              ; 0.1 V                                ; 2.72e-10 s                  ; 2.69e-10 s                  ; Yes                        ; Yes                        ; 2.62 V                      ; 4.05e-08 V                  ; 2.72 V             ; -0.0349 V          ; 0.173 V                             ; 0.1 V                               ; 2.72e-10 s                 ; 2.69e-10 s                 ; Yes                       ; Yes                       ;
; o_busy_4      ; 2.5 V        ; 0 s                 ; 0 s                 ; 2.62 V                       ; 4.05e-08 V                   ; 2.72 V              ; -0.0349 V           ; 0.173 V                              ; 0.1 V                                ; 2.72e-10 s                  ; 2.69e-10 s                  ; Yes                        ; Yes                        ; 2.62 V                      ; 4.05e-08 V                  ; 2.72 V             ; -0.0349 V          ; 0.173 V                             ; 0.1 V                               ; 2.72e-10 s                 ; 2.69e-10 s                 ; Yes                       ; Yes                       ;
; ~ALTERA_DCLK~ ; 2.5 V        ; 0 s                 ; 0 s                 ; 2.62 V                       ; 2.22e-08 V                   ; 2.74 V              ; -0.06 V             ; 0.158 V                              ; 0.08 V                               ; 2.68e-10 s                  ; 2.19e-10 s                  ; Yes                        ; Yes                        ; 2.62 V                      ; 2.22e-08 V                  ; 2.74 V             ; -0.06 V            ; 0.158 V                             ; 0.08 V                              ; 2.68e-10 s                 ; 2.19e-10 s                 ; Yes                       ; Yes                       ;
; ~ALTERA_nCEO~ ; 2.5 V        ; 0 s                 ; 0 s                 ; 2.62 V                       ; 3.54e-08 V                   ; 2.7 V               ; -0.00943 V          ; 0.276 V                              ; 0.035 V                              ; 3.19e-10 s                  ; 4.99e-10 s                  ; No                         ; Yes                        ; 2.62 V                      ; 3.54e-08 V                  ; 2.7 V              ; -0.00943 V         ; 0.276 V                             ; 0.035 V                             ; 3.19e-10 s                 ; 4.99e-10 s                 ; No                        ; Yes                       ;
+---------------+--------------+---------------------+---------------------+------------------------------+------------------------------+---------------------+---------------------+--------------------------------------+--------------------------------------+-----------------------------+-----------------------------+----------------------------+----------------------------+-----------------------------+-----------------------------+--------------------+--------------------+-------------------------------------+-------------------------------------+----------------------------+----------------------------+---------------------------+---------------------------+


+-------------------------------------------------------------------+
; Setup Transfers                                                   ;
+------------+----------+----------+----------+----------+----------+
; From Clock ; To Clock ; RR Paths ; FR Paths ; RF Paths ; FF Paths ;
+------------+----------+----------+----------+----------+----------+
; i_clk      ; i_clk    ; 6        ; 0        ; 0        ; 0        ;
+------------+----------+----------+----------+----------+----------+
Entries labeled "false path" only account for clock-to-clock false paths and not path-based false paths. As a result, actual path counts may be lower than reported.


+-------------------------------------------------------------------+
; Hold Transfers                                                    ;
+------------+----------+----------+----------+----------+----------+
; From Clock ; To Clock ; RR Paths ; FR Paths ; RF Paths ; FF Paths ;
+------------+----------+----------+----------+----------+----------+
; i_clk      ; i_clk    ; 6        ; 0        ; 0        ; 0        ;
+------------+----------+----------+----------+----------+----------+
Entries labeled "false path" only account for clock-to-clock false paths and not path-based false paths. As a result, actual path counts may be lower than reported.


---------------
; Report TCCS ;
---------------
No dedicated SERDES Transmitter circuitry present in device or used in design


---------------
; Report RSKM ;
---------------
No non-DPA dedicated SERDES Receiver circuitry present in device or used in design


+------------------------------------------------+
; Unconstrained Paths Summary                    ;
+---------------------------------+-------+------+
; Property                        ; Setup ; Hold ;
+---------------------------------+-------+------+
; Illegal Clocks                  ; 0     ; 0    ;
; Unconstrained Clocks            ; 1     ; 1    ;
; Unconstrained Input Ports       ; 1     ; 1    ;
; Unconstrained Input Port Paths  ; 9     ; 9    ;
; Unconstrained Output Ports      ; 4     ; 4    ;
; Unconstrained Output Port Paths ; 4     ; 4    ;
+---------------------------------+-------+------+


+------------------------------------------------------------+
; Clock Status Summary                                       ;
+-----------------------------+-------+------+---------------+
; Target                      ; Clock ; Type ; Status        ;
+-----------------------------+-------+------+---------------+
; clock_divider:clk_div|o_clk ;       ; Base ; Unconstrained ;
; i_clk                       ; i_clk ; Base ; Constrained   ;
+-----------------------------+-------+------+---------------+


+---------------------------------------------------------------------------------------------------+
; Unconstrained Input Ports                                                                         ;
+------------+--------------------------------------------------------------------------------------+
; Input Port ; Comment                                                                              ;
+------------+--------------------------------------------------------------------------------------+
; i_start    ; No input delay, min/max delays, false-path exceptions, or max skew assignments found ;
+------------+--------------------------------------------------------------------------------------+


+-----------------------------------------------------------------------------------------------------+
; Unconstrained Output Ports                                                                          ;
+-------------+---------------------------------------------------------------------------------------+
; Output Port ; Comment                                                                               ;
+-------------+---------------------------------------------------------------------------------------+
; o_busy_1    ; No output delay, min/max delays, false-path exceptions, or max skew assignments found ;
; o_busy_2    ; No output delay, min/max delays, false-path exceptions, or max skew assignments found ;
; o_busy_3    ; No output delay, min/max delays, false-path exceptions, or max skew assignments found ;
; o_busy_4    ; No output delay, min/max delays, false-path exceptions, or max skew assignments found ;
+-------------+---------------------------------------------------------------------------------------+


+---------------------------------------------------------------------------------------------------+
; Unconstrained Input Ports                                                                         ;
+------------+--------------------------------------------------------------------------------------+
; Input Port ; Comment                                                                              ;
+------------+--------------------------------------------------------------------------------------+
; i_start    ; No input delay, min/max delays, false-path exceptions, or max skew assignments found ;
+------------+--------------------------------------------------------------------------------------+


+-----------------------------------------------------------------------------------------------------+
; Unconstrained Output Ports                                                                          ;
+-------------+---------------------------------------------------------------------------------------+
; Output Port ; Comment                                                                               ;
+-------------+---------------------------------------------------------------------------------------+
; o_busy_1    ; No output delay, min/max delays, false-path exceptions, or max skew assignments found ;
; o_busy_2    ; No output delay, min/max delays, false-path exceptions, or max skew assignments found ;
; o_busy_3    ; No output delay, min/max delays, false-path exceptions, or max skew assignments found ;
; o_busy_4    ; No output delay, min/max delays, false-path exceptions, or max skew assignments found ;
+-------------+---------------------------------------------------------------------------------------+


+--------------------------+
; Timing Analyzer Messages ;
+--------------------------+
Info: *******************************************************************
Info: Running Quartus Prime Timing Analyzer
    Info: Version 18.1.0 Build 625 09/12/2018 SJ Lite Edition
    Info: Processing started: Sun Jul 11 16:15:19 2021
Info: Command: quartus_sta Matrix_multiplier -c Matrix_multiplier
Info: qsta_default_script.tcl version: #1
Info (20030): Parallel compilation is enabled and will use 4 of the 4 processors detected
Info (21077): Low junction temperature is 0 degrees C
Info (21077): High junction temperature is 85 degrees C
Info (332104): Reading SDC File: 'Matrix_multiplier.sdc'
Warning (332174): Ignored filter at Matrix_multiplier.sdc(41): altera_reserved_tck could not be matched with a port File: D:/Academics/FPGA-Matrix_Multiplier/Verilog_modules/Sem_5-Matrix_Muliplier/Matrix_multiplier.sdc Line: 41
Warning (332049): Ignored create_clock at Matrix_multiplier.sdc(41): Argument <targets> is an empty collection File: D:/Academics/FPGA-Matrix_Multiplier/Verilog_modules/Sem_5-Matrix_Muliplier/Matrix_multiplier.sdc Line: 41
    Info (332050): create_clock -name {altera_reserved_tck} -period 100.000 -waveform { 0.000 50.000 } [get_ports {altera_reserved_tck}] File: D:/Academics/FPGA-Matrix_Multiplier/Verilog_modules/Sem_5-Matrix_Muliplier/Matrix_multiplier.sdc Line: 41
Warning (332174): Ignored filter at Matrix_multiplier.sdc(49): clk could not be matched with a register File: D:/Academics/FPGA-Matrix_Multiplier/Verilog_modules/Sem_5-Matrix_Muliplier/Matrix_multiplier.sdc Line: 49
Critical Warning (332049): Ignored create_generated_clock at Matrix_multiplier.sdc(49): Argument <targets> is an empty collection File: D:/Academics/FPGA-Matrix_Multiplier/Verilog_modules/Sem_5-Matrix_Muliplier/Matrix_multiplier.sdc Line: 49
    Info (332050): create_generated_clock -name {clk} -source [get_ports {i_clk}] -divide_by 8 -master_clock {i_clk} [get_registers {clk}]  File: D:/Academics/FPGA-Matrix_Multiplier/Verilog_modules/Sem_5-Matrix_Muliplier/Matrix_multiplier.sdc Line: 49
Warning (332174): Ignored filter at Matrix_multiplier.sdc(69): altera_reserved_tck could not be matched with a clock File: D:/Academics/FPGA-Matrix_Multiplier/Verilog_modules/Sem_5-Matrix_Muliplier/Matrix_multiplier.sdc Line: 69
Warning (332174): Ignored filter at Matrix_multiplier.sdc(69): altera_reserved_tdi could not be matched with a port File: D:/Academics/FPGA-Matrix_Multiplier/Verilog_modules/Sem_5-Matrix_Muliplier/Matrix_multiplier.sdc Line: 69
Warning (332049): Ignored set_input_delay at Matrix_multiplier.sdc(69): Argument <targets> is an empty collection File: D:/Academics/FPGA-Matrix_Multiplier/Verilog_modules/Sem_5-Matrix_Muliplier/Matrix_multiplier.sdc Line: 69
    Info (332050): set_input_delay -add_delay -max -clock [get_clocks {altera_reserved_tck}]  3.000 [get_ports {altera_reserved_tdi}] File: D:/Academics/FPGA-Matrix_Multiplier/Verilog_modules/Sem_5-Matrix_Muliplier/Matrix_multiplier.sdc Line: 69
Warning (332049): Ignored set_input_delay at Matrix_multiplier.sdc(69): Argument -clock is an empty collection File: D:/Academics/FPGA-Matrix_Multiplier/Verilog_modules/Sem_5-Matrix_Muliplier/Matrix_multiplier.sdc Line: 69
Warning (332049): Ignored set_input_delay at Matrix_multiplier.sdc(70): Argument <targets> is an empty collection File: D:/Academics/FPGA-Matrix_Multiplier/Verilog_modules/Sem_5-Matrix_Muliplier/Matrix_multiplier.sdc Line: 70
    Info (332050): set_input_delay -add_delay -min -clock [get_clocks {altera_reserved_tck}]  2.000 [get_ports {altera_reserved_tdi}] File: D:/Academics/FPGA-Matrix_Multiplier/Verilog_modules/Sem_5-Matrix_Muliplier/Matrix_multiplier.sdc Line: 70
Warning (332049): Ignored set_input_delay at Matrix_multiplier.sdc(70): Argument -clock is an empty collection File: D:/Academics/FPGA-Matrix_Multiplier/Verilog_modules/Sem_5-Matrix_Muliplier/Matrix_multiplier.sdc Line: 70
Warning (332174): Ignored filter at Matrix_multiplier.sdc(71): altera_reserved_tms could not be matched with a port File: D:/Academics/FPGA-Matrix_Multiplier/Verilog_modules/Sem_5-Matrix_Muliplier/Matrix_multiplier.sdc Line: 71
Warning (332049): Ignored set_input_delay at Matrix_multiplier.sdc(71): Argument <targets> is an empty collection File: D:/Academics/FPGA-Matrix_Multiplier/Verilog_modules/Sem_5-Matrix_Muliplier/Matrix_multiplier.sdc Line: 71
    Info (332050): set_input_delay -add_delay -max -clock [get_clocks {altera_reserved_tck}]  3.000 [get_ports {altera_reserved_tms}] File: D:/Academics/FPGA-Matrix_Multiplier/Verilog_modules/Sem_5-Matrix_Muliplier/Matrix_multiplier.sdc Line: 71
Warning (332049): Ignored set_input_delay at Matrix_multiplier.sdc(71): Argument -clock is an empty collection File: D:/Academics/FPGA-Matrix_Multiplier/Verilog_modules/Sem_5-Matrix_Muliplier/Matrix_multiplier.sdc Line: 71
Warning (332049): Ignored set_input_delay at Matrix_multiplier.sdc(72): Argument <targets> is an empty collection File: D:/Academics/FPGA-Matrix_Multiplier/Verilog_modules/Sem_5-Matrix_Muliplier/Matrix_multiplier.sdc Line: 72
    Info (332050): set_input_delay -add_delay -min -clock [get_clocks {altera_reserved_tck}]  2.000 [get_ports {altera_reserved_tms}] File: D:/Academics/FPGA-Matrix_Multiplier/Verilog_modules/Sem_5-Matrix_Muliplier/Matrix_multiplier.sdc Line: 72
Warning (332049): Ignored set_input_delay at Matrix_multiplier.sdc(72): Argument -clock is an empty collection File: D:/Academics/FPGA-Matrix_Multiplier/Verilog_modules/Sem_5-Matrix_Muliplier/Matrix_multiplier.sdc Line: 72
Warning (332174): Ignored filter at Matrix_multiplier.sdc(79): altera_reserved_tdo could not be matched with a port File: D:/Academics/FPGA-Matrix_Multiplier/Verilog_modules/Sem_5-Matrix_Muliplier/Matrix_multiplier.sdc Line: 79
Warning (332049): Ignored set_output_delay at Matrix_multiplier.sdc(79): Argument <targets> is an empty collection File: D:/Academics/FPGA-Matrix_Multiplier/Verilog_modules/Sem_5-Matrix_Muliplier/Matrix_multiplier.sdc Line: 79
    Info (332050): set_output_delay -add_delay -max -clock [get_clocks {altera_reserved_tck}]  2.000 [get_ports {altera_reserved_tdo}] File: D:/Academics/FPGA-Matrix_Multiplier/Verilog_modules/Sem_5-Matrix_Muliplier/Matrix_multiplier.sdc Line: 79
Warning (332049): Ignored set_output_delay at Matrix_multiplier.sdc(79): Argument -clock is an empty collection File: D:/Academics/FPGA-Matrix_Multiplier/Verilog_modules/Sem_5-Matrix_Muliplier/Matrix_multiplier.sdc Line: 79
Warning (332049): Ignored set_output_delay at Matrix_multiplier.sdc(80): Argument <targets> is an empty collection File: D:/Academics/FPGA-Matrix_Multiplier/Verilog_modules/Sem_5-Matrix_Muliplier/Matrix_multiplier.sdc Line: 80
    Info (332050): set_output_delay -add_delay -min -clock [get_clocks {altera_reserved_tck}]  1.000 [get_ports {altera_reserved_tdo}] File: D:/Academics/FPGA-Matrix_Multiplier/Verilog_modules/Sem_5-Matrix_Muliplier/Matrix_multiplier.sdc Line: 80
Warning (332049): Ignored set_output_delay at Matrix_multiplier.sdc(80): Argument -clock is an empty collection File: D:/Academics/FPGA-Matrix_Multiplier/Verilog_modules/Sem_5-Matrix_Muliplier/Matrix_multiplier.sdc Line: 80
Warning (332049): Ignored set_clock_groups at Matrix_multiplier.sdc(87): Argument -group with value [get_clocks {altera_reserved_tck}] contains zero elements File: D:/Academics/FPGA-Matrix_Multiplier/Verilog_modules/Sem_5-Matrix_Muliplier/Matrix_multiplier.sdc Line: 87
    Info (332050): set_clock_groups -asynchronous -group [get_clocks {altera_reserved_tck}]  File: D:/Academics/FPGA-Matrix_Multiplier/Verilog_modules/Sem_5-Matrix_Muliplier/Matrix_multiplier.sdc Line: 87
Warning (332049): Ignored set_clock_groups at Matrix_multiplier.sdc(88): Argument -group with value [get_clocks {altera_reserved_tck}] contains zero elements File: D:/Academics/FPGA-Matrix_Multiplier/Verilog_modules/Sem_5-Matrix_Muliplier/Matrix_multiplier.sdc Line: 88
    Info (332050): set_clock_groups -asynchronous -group [get_clocks {altera_reserved_tck}]  File: D:/Academics/FPGA-Matrix_Multiplier/Verilog_modules/Sem_5-Matrix_Muliplier/Matrix_multiplier.sdc Line: 88
Warning (332049): Ignored set_clock_groups at Matrix_multiplier.sdc(89): Argument -group with value [get_clocks {altera_reserved_tck}] contains zero elements File: D:/Academics/FPGA-Matrix_Multiplier/Verilog_modules/Sem_5-Matrix_Muliplier/Matrix_multiplier.sdc Line: 89
    Info (332050): set_clock_groups -asynchronous -group [get_clocks {altera_reserved_tck}]  File: D:/Academics/FPGA-Matrix_Multiplier/Verilog_modules/Sem_5-Matrix_Muliplier/Matrix_multiplier.sdc Line: 89
Warning (332049): Ignored set_clock_groups at Matrix_multiplier.sdc(90): Argument -group with value [get_clocks {altera_reserved_tck}] contains zero elements File: D:/Academics/FPGA-Matrix_Multiplier/Verilog_modules/Sem_5-Matrix_Muliplier/Matrix_multiplier.sdc Line: 90
    Info (332050): set_clock_groups -asynchronous -group [get_clocks {altera_reserved_tck}]  File: D:/Academics/FPGA-Matrix_Multiplier/Verilog_modules/Sem_5-Matrix_Muliplier/Matrix_multiplier.sdc Line: 90
Warning (332049): Ignored set_clock_groups at Matrix_multiplier.sdc(91): Argument -group with value [get_clocks {altera_reserved_tck}] contains zero elements File: D:/Academics/FPGA-Matrix_Multiplier/Verilog_modules/Sem_5-Matrix_Muliplier/Matrix_multiplier.sdc Line: 91
    Info (332050): set_clock_groups -asynchronous -group [get_clocks {altera_reserved_tck}]  File: D:/Academics/FPGA-Matrix_Multiplier/Verilog_modules/Sem_5-Matrix_Muliplier/Matrix_multiplier.sdc Line: 91
Warning (332049): Ignored set_clock_groups at Matrix_multiplier.sdc(92): Argument -group with value [get_clocks {altera_reserved_tck}] contains zero elements File: D:/Academics/FPGA-Matrix_Multiplier/Verilog_modules/Sem_5-Matrix_Muliplier/Matrix_multiplier.sdc Line: 92
    Info (332050): set_clock_groups -asynchronous -group [get_clocks {altera_reserved_tck}]  File: D:/Academics/FPGA-Matrix_Multiplier/Verilog_modules/Sem_5-Matrix_Muliplier/Matrix_multiplier.sdc Line: 92
Warning (332060): Node: clock_divider:clk_div|o_clk was determined to be a clock but was found without an associated clock assignment.
    Info (13166): Register core:core1|regAC:AC|data_out[9] is being clocked by clock_divider:clk_div|o_clk
Critical Warning (332168): The following clock transfers have no clock uncertainty assignment. For more accurate results, apply clock uncertainty assignments or use the derive_clock_uncertainty command.
    Critical Warning (332169): From i_clk (Rise) to i_clk (Rise) (setup and hold)
Info: Found TIMING_ANALYZER_REPORT_SCRIPT_INCLUDE_DEFAULT_ANALYSIS = ON
Info: Analyzing Slow 1200mV 85C Model
Info (332146): Worst-case setup slack is 17.506
    Info (332119):     Slack       End Point TNS Clock 
    Info (332119): ========= =================== =====================
    Info (332119):    17.506               0.000 i_clk 
Info (332146): Worst-case hold slack is 0.402
    Info (332119):     Slack       End Point TNS Clock 
    Info (332119): ========= =================== =====================
    Info (332119):     0.402               0.000 i_clk 
Info (332140): No Recovery paths to report
Info (332140): No Removal paths to report
Info (332146): Worst-case minimum pulse width slack is 9.720
    Info (332119):     Slack       End Point TNS Clock 
    Info (332119): ========= =================== =====================
    Info (332119):     9.720               0.000 i_clk 
Info: Analyzing Slow 1200mV 0C Model
Info (334003): Started post-fitting delay annotation
Info (334004): Delay annotation completed successfully
Warning (332060): Node: clock_divider:clk_div|o_clk was determined to be a clock but was found without an associated clock assignment.
    Info (13166): Register core:core1|regAC:AC|data_out[9] is being clocked by clock_divider:clk_div|o_clk
Critical Warning (332168): The following clock transfers have no clock uncertainty assignment. For more accurate results, apply clock uncertainty assignments or use the derive_clock_uncertainty command.
    Critical Warning (332169): From i_clk (Rise) to i_clk (Rise) (setup and hold)
Info (332146): Worst-case setup slack is 17.786
    Info (332119):     Slack       End Point TNS Clock 
    Info (332119): ========= =================== =====================
    Info (332119):    17.786               0.000 i_clk 
Info (332146): Worst-case hold slack is 0.353
    Info (332119):     Slack       End Point TNS Clock 
    Info (332119): ========= =================== =====================
    Info (332119):     0.353               0.000 i_clk 
Info (332140): No Recovery paths to report
Info (332140): No Removal paths to report
Info (332146): Worst-case minimum pulse width slack is 9.724
    Info (332119):     Slack       End Point TNS Clock 
    Info (332119): ========= =================== =====================
    Info (332119):     9.724               0.000 i_clk 
Info: Analyzing Fast 1200mV 0C Model
Warning (332060): Node: clock_divider:clk_div|o_clk was determined to be a clock but was found without an associated clock assignment.
    Info (13166): Register core:core1|regAC:AC|data_out[9] is being clocked by clock_divider:clk_div|o_clk
Critical Warning (332168): The following clock transfers have no clock uncertainty assignment. For more accurate results, apply clock uncertainty assignments or use the derive_clock_uncertainty command.
    Critical Warning (332169): From i_clk (Rise) to i_clk (Rise) (setup and hold)
Info (332146): Worst-case setup slack is 18.666
    Info (332119):     Slack       End Point TNS Clock 
    Info (332119): ========= =================== =====================
    Info (332119):    18.666               0.000 i_clk 
Info (332146): Worst-case hold slack is 0.180
    Info (332119):     Slack       End Point TNS Clock 
    Info (332119): ========= =================== =====================
    Info (332119):     0.180               0.000 i_clk 
Info (332140): No Recovery paths to report
Info (332140): No Removal paths to report
Info (332146): Worst-case minimum pulse width slack is 9.440
    Info (332119):     Slack       End Point TNS Clock 
    Info (332119): ========= =================== =====================
    Info (332119):     9.440               0.000 i_clk 
Info (332102): Design is not fully constrained for setup requirements
Info (332102): Design is not fully constrained for hold requirements
Info: Quartus Prime Timing Analyzer was successful. 0 errors, 35 warnings
    Info: Peak virtual memory: 4878 megabytes
    Info: Processing ended: Sun Jul 11 16:15:26 2021
    Info: Elapsed time: 00:00:07
    Info: Total CPU time (on all processors): 00:00:06


