MIF/HEX Update report for Matrix_multiplier
Mon Jun 14 12:47:01 2021
Quartus Prime Version 18.1.0 Build 625 09/12/2018 SJ Lite Edition


---------------------
; Table of Contents ;
---------------------
  1. Legal Notice
  2. MIF/HEX Update Summary
  3. MIF/HEX Update Processed Files
  4. MIF/HEX Update Messages



----------------
; Legal Notice ;
----------------
Copyright (C) 2018  Intel Corporation. All rights reserved.
Your use of Intel Corporation's design tools, logic functions 
and other software and tools, and its AMPP partner logic 
functions, and any output files from any of the foregoing 
(including device programming or simulation files), and any 
associated documentation or information are expressly subject 
to the terms and conditions of the Intel Program License 
Subscription Agreement, the Intel Quartus Prime License Agreement,
the Intel FPGA IP License Agreement, or other applicable license
agreement, including, without limitation, that your use is for
the sole purpose of programming logic devices manufactured by
Intel and sold by Intel or its authorized distributors.  Please
refer to the applicable agreement for further details.



+---------------------------------------------------------------+
; MIF/HEX Update Summary                                        ;
+-----------------------+---------------------------------------+
; MIF/HEX Update Status ; Successful - Mon Jun 14 12:47:00 2021 ;
; Revision Name         ; Matrix_multiplier                     ;
; Top-level Entity Name ; top                                   ;
; Family                ; Cyclone IV E                          ;
; Device                ; EP4CE115F29C7                         ;
+-----------------------+---------------------------------------+


+------------------------------------------------+
; MIF/HEX Update Processed Files                 ;
+------------------------------------------------+
; File Name                                      ;
+------------------------------------------------+
; D:/Academics/Matrix_multiplier/data_test_3.hex ;
; D:/Academics/Matrix_multiplier/test_code_2.hex ;
+------------------------------------------------+


+-------------------------+
; MIF/HEX Update Messages ;
+-------------------------+
Info: *******************************************************************
Info: Running Quartus Prime MIF/HEX Update
    Info: Version 18.1.0 Build 625 09/12/2018 SJ Lite Edition
    Info: Processing started: Mon Jun 14 12:46:56 2021
Info: Command: quartus_cdb Matrix_multiplier -c Matrix_multiplier --update_mif
Info (39024): Processed the following Memory Initialization File(s)
    Info (39025): Processed Memory Initialization File D:/Academics/Matrix_multiplier/data_test_3.hex File: D:/Academics/Matrix_multiplier/data_test_3.hex Line: 0
    Info (39025): Processed Memory Initialization File D:/Academics/Matrix_multiplier/test_code_2.hex File: D:/Academics/Matrix_multiplier/test_code_2.hex Line: 0
Info: Quartus Prime MIF/HEX Update was successful. 0 errors, 0 warnings
    Info: Peak virtual memory: 4779 megabytes
    Info: Processing ended: Mon Jun 14 12:47:01 2021
    Info: Elapsed time: 00:00:05
    Info: Total CPU time (on all processors): 00:00:03


