Flow report for Matrix_multiplier
Wed Jul 14 12:29:38 2021
Quartus Prime Version 18.1.0 Build 625 09/12/2018 SJ Lite Edition


---------------------
; Table of Contents ;
---------------------
  1. Legal Notice
  2. Flow Summary
  3. Flow Settings
  4. Flow Non-Default Global Settings
  5. Flow Elapsed Time
  6. Flow OS Summary
  7. Flow Log
  8. Flow Messages
  9. Flow Suppressed Messages



----------------
; Legal Notice ;
----------------
Copyright (C) 2018  Intel Corporation. All rights reserved.
Your use of Intel Corporation's design tools, logic functions 
and other software and tools, and its AMPP partner logic 
functions, and any output files from any of the foregoing 
(including device programming or simulation files), and any 
associated documentation or information are expressly subject 
to the terms and conditions of the Intel Program License 
Subscription Agreement, the Intel Quartus Prime License Agreement,
the Intel FPGA IP License Agreement, or other applicable license
agreement, including, without limitation, that your use is for
the sole purpose of programming logic devices manufactured by
Intel and sold by Intel or its authorized distributors.  Please
refer to the applicable agreement for further details.



+----------------------------------------------------------------------------------+
; Flow Summary                                                                     ;
+------------------------------------+---------------------------------------------+
; Flow Status                        ; Successful - Wed Jul 14 12:29:38 2021       ;
; Quartus Prime Version              ; 18.1.0 Build 625 09/12/2018 SJ Lite Edition ;
; Revision Name                      ; Matrix_multiplier                           ;
; Top-level Entity Name              ; top                                         ;
; Family                             ; Cyclone IV E                                ;
; Device                             ; EP4CE115F29C7                               ;
; Timing Models                      ; Final                                       ;
; Total logic elements               ; 4,288 / 114,480 ( 4 % )                     ;
;     Total combinational functions  ; 4,166 / 114,480 ( 4 % )                     ;
;     Dedicated logic registers      ; 1,579 / 114,480 ( 1 % )                     ;
; Total registers                    ; 1579                                        ;
; Total pins                         ; 6 / 529 ( 1 % )                             ;
; Total virtual pins                 ; 0                                           ;
; Total memory bits                  ; 526,336 / 3,981,312 ( 13 % )                ;
; Embedded Multiplier 9-bit elements ; 8 / 532 ( 2 % )                             ;
; Total PLLs                         ; 0 / 4 ( 0 % )                               ;
+------------------------------------+---------------------------------------------+


+-----------------------------------------+
; Flow Settings                           ;
+-------------------+---------------------+
; Option            ; Setting             ;
+-------------------+---------------------+
; Start date & time ; 07/14/2021 12:28:25 ;
; Main task         ; Compilation         ;
; Revision Name     ; Matrix_multiplier   ;
+-------------------+---------------------+


+----------------------------------------------------------------------------------------------------------------------------------+
; Flow Non-Default Global Settings                                                                                                 ;
+--------------------------------------+----------------------------------------+-------------------+-------------+----------------+
; Assignment Name                      ; Value                                  ; Default Value     ; Entity Name ; Section Id     ;
+--------------------------------------+----------------------------------------+-------------------+-------------+----------------+
; COMPILER_SIGNATURE_ID                ; 1097532114921.162624590503624          ; --                ; --          ; --             ;
; EDA_DESIGN_INSTANCE_NAME             ; NA                                     ; --                ; --          ; tb_test        ;
; EDA_DESIGN_INSTANCE_NAME             ; NA                                     ; --                ; --          ; tb_top         ;
; EDA_NATIVELINK_SIMULATION_TEST_BENCH ; tb_top                                 ; --                ; --          ; eda_simulation ;
; EDA_OUTPUT_DATA_FORMAT               ; Verilog Hdl                            ; --                ; --          ; eda_simulation ;
; EDA_SIMULATION_TOOL                  ; ModelSim-Altera (Verilog)              ; <None>            ; --          ; --             ;
; EDA_TEST_BENCH_ENABLE_STATUS         ; TEST_BENCH_MODE                        ; --                ; --          ; eda_simulation ;
; EDA_TEST_BENCH_FILE                  ; tb_test.v                              ; --                ; --          ; tb_test        ;
; EDA_TEST_BENCH_FILE                  ; tb_top.v                               ; --                ; --          ; tb_top         ;
; EDA_TEST_BENCH_MODULE_NAME           ; tb_test                                ; --                ; --          ; tb_test        ;
; EDA_TEST_BENCH_MODULE_NAME           ; tb_top                                 ; --                ; --          ; tb_top         ;
; EDA_TEST_BENCH_NAME                  ; tb_top                                 ; --                ; --          ; eda_simulation ;
; EDA_TEST_BENCH_NAME                  ; tb_test                                ; --                ; --          ; eda_simulation ;
; EDA_TIME_SCALE                       ; 1 ps                                   ; --                ; --          ; eda_simulation ;
; MAX_CORE_JUNCTION_TEMP               ; 85                                     ; --                ; --          ; --             ;
; MIN_CORE_JUNCTION_TEMP               ; 0                                      ; --                ; --          ; --             ;
; MISC_FILE                            ; IRAM_inst.v                            ; --                ; --          ; --             ;
; MISC_FILE                            ; IRAM_bb.v                              ; --                ; --          ; --             ;
; MISC_FILE                            ; IRAM_syn.v                             ; --                ; --          ; --             ;
; MISC_FILE                            ; DRAM_inst.v                            ; --                ; --          ; --             ;
; MISC_FILE                            ; DRAM_bb.v                              ; --                ; --          ; --             ;
; MISC_FILE                            ; DRAM_syn.v                             ; --                ; --          ; --             ;
; NUM_PARALLEL_PROCESSORS              ; All                                    ; --                ; --          ; --             ;
; PARTITION_COLOR                      ; -- (Not supported for targeted family) ; --                ; top         ; Top            ;
; PARTITION_FITTER_PRESERVATION_LEVEL  ; -- (Not supported for targeted family) ; --                ; top         ; Top            ;
; PARTITION_NETLIST_TYPE               ; -- (Not supported for targeted family) ; --                ; top         ; Top            ;
; POWER_BOARD_THERMAL_MODEL            ; None (CONSERVATIVE)                    ; --                ; --          ; --             ;
; POWER_PRESET_COOLING_SOLUTION        ; 23 MM HEAT SINK WITH 200 LFPM AIRFLOW  ; --                ; --          ; --             ;
; PROJECT_OUTPUT_DIRECTORY             ; output_files                           ; --                ; --          ; --             ;
; TOP_LEVEL_ENTITY                     ; top                                    ; Matrix_multiplier ; --          ; --             ;
+--------------------------------------+----------------------------------------+-------------------+-------------+----------------+


+--------------------------------------------------------------------------------------------------------------------------+
; Flow Elapsed Time                                                                                                        ;
+----------------------+--------------+-------------------------+---------------------+------------------------------------+
; Module Name          ; Elapsed Time ; Average Processors Used ; Peak Virtual Memory ; Total CPU Time (on all processors) ;
+----------------------+--------------+-------------------------+---------------------+------------------------------------+
; Analysis & Synthesis ; 00:00:31     ; 1.0                     ; 4850 MB             ; 00:00:57                           ;
; Fitter               ; 00:00:21     ; 1.1                     ; 5758 MB             ; 00:00:33                           ;
; Assembler            ; 00:00:04     ; 1.0                     ; 4699 MB             ; 00:00:04                           ;
; Timing Analyzer      ; 00:00:03     ; 1.3                     ; 4886 MB             ; 00:00:04                           ;
; EDA Netlist Writer   ; 00:00:07     ; 1.0                     ; 4703 MB             ; 00:00:07                           ;
; Total                ; 00:01:06     ; --                      ; --                  ; 00:01:45                           ;
+----------------------+--------------+-------------------------+---------------------+------------------------------------+


+------------------------------------------------------------------------------------+
; Flow OS Summary                                                                    ;
+----------------------+------------------+------------+------------+----------------+
; Module Name          ; Machine Hostname ; OS Name    ; OS Version ; Processor type ;
+----------------------+------------------+------------+------------+----------------+
; Analysis & Synthesis ; LAPTOP-MR2F0706  ; Windows 10 ; 10.0       ; x86_64         ;
; Fitter               ; LAPTOP-MR2F0706  ; Windows 10 ; 10.0       ; x86_64         ;
; Assembler            ; LAPTOP-MR2F0706  ; Windows 10 ; 10.0       ; x86_64         ;
; Timing Analyzer      ; LAPTOP-MR2F0706  ; Windows 10 ; 10.0       ; x86_64         ;
; EDA Netlist Writer   ; LAPTOP-MR2F0706  ; Windows 10 ; 10.0       ; x86_64         ;
+----------------------+------------------+------------+------------+----------------+


------------
; Flow Log ;
------------
quartus_map --read_settings_files=on --write_settings_files=off Matrix_multiplier -c Matrix_multiplier
quartus_fit --read_settings_files=off --write_settings_files=off Matrix_multiplier -c Matrix_multiplier
quartus_asm --read_settings_files=off --write_settings_files=off Matrix_multiplier -c Matrix_multiplier
quartus_sta Matrix_multiplier -c Matrix_multiplier
quartus_eda --read_settings_files=off --write_settings_files=off Matrix_multiplier -c Matrix_multiplier



