EDA Netlist Writer report for Matrix_multiplier
Wed Jul 14 12:19:09 2021
Quartus Prime Version 18.1.0 Build 625 09/12/2018 SJ Lite Edition


---------------------
; Table of Contents ;
---------------------
  1. Legal Notice
  2. EDA Netlist Writer Summary
  3. Simulation Settings
  4. Simulation Generated Files
  5. EDA Netlist Writer Messages



----------------
; Legal Notice ;
----------------
Copyright (C) 2018  Intel Corporation. All rights reserved.
Your use of Intel Corporation's design tools, logic functions 
and other software and tools, and its AMPP partner logic 
functions, and any output files from any of the foregoing 
(including device programming or simulation files), and any 
associated documentation or information are expressly subject 
to the terms and conditions of the Intel Program License 
Subscription Agreement, the Intel Quartus Prime License Agreement,
the Intel FPGA IP License Agreement, or other applicable license
agreement, including, without limitation, that your use is for
the sole purpose of programming logic devices manufactured by
Intel and sold by Intel or its authorized distributors.  Please
refer to the applicable agreement for further details.



+-------------------------------------------------------------------+
; EDA Netlist Writer Summary                                        ;
+---------------------------+---------------------------------------+
; EDA Netlist Writer Status ; Successful - Wed Jul 14 12:19:09 2021 ;
; Revision Name             ; Matrix_multiplier                     ;
; Top-level Entity Name     ; top                                   ;
; Family                    ; Cyclone IV E                          ;
; Simulation Files Creation ; Successful                            ;
+---------------------------+---------------------------------------+


+-------------------------------------------------------------------------------------------------------------------------------+
; Simulation Settings                                                                                                           ;
+---------------------------------------------------------------------------------------------------+---------------------------+
; Option                                                                                            ; Setting                   ;
+---------------------------------------------------------------------------------------------------+---------------------------+
; Tool Name                                                                                         ; ModelSim-Altera (Verilog) ;
; Generate functional simulation netlist                                                            ; Off                       ;
; Time scale                                                                                        ; 1 ps                      ;
; Truncate long hierarchy paths                                                                     ; Off                       ;
; Map illegal HDL characters                                                                        ; Off                       ;
; Flatten buses into individual nodes                                                               ; Off                       ;
; Maintain hierarchy                                                                                ; Off                       ;
; Bring out device-wide set/reset signals as ports                                                  ; Off                       ;
; Enable glitch filtering                                                                           ; Off                       ;
; Do not write top level VHDL entity                                                                ; Off                       ;
; Disable detection of setup and hold time violations in the input registers of bi-directional pins ; Off                       ;
; Architecture name in VHDL output netlist                                                          ; structure                 ;
; Generate third-party EDA tool command script for RTL functional simulation                        ; Off                       ;
; Generate third-party EDA tool command script for gate-level simulation                            ; Off                       ;
+---------------------------------------------------------------------------------------------------+---------------------------+


+-------------------------------------------------------------------------------------------------------------------------------------------+
; Simulation Generated Files                                                                                                                ;
+-------------------------------------------------------------------------------------------------------------------------------------------+
; Generated Files                                                                                                                           ;
+-------------------------------------------------------------------------------------------------------------------------------------------+
; D:/Academics/FPGA-Matrix_Multiplier/Verilog_modules/Sem_5-Matrix_Muliplier/simulation/modelsim/Matrix_multiplier_7_1200mv_85c_slow.vo     ;
; D:/Academics/FPGA-Matrix_Multiplier/Verilog_modules/Sem_5-Matrix_Muliplier/simulation/modelsim/Matrix_multiplier_7_1200mv_0c_slow.vo      ;
; D:/Academics/FPGA-Matrix_Multiplier/Verilog_modules/Sem_5-Matrix_Muliplier/simulation/modelsim/Matrix_multiplier_min_1200mv_0c_fast.vo    ;
; D:/Academics/FPGA-Matrix_Multiplier/Verilog_modules/Sem_5-Matrix_Muliplier/simulation/modelsim/Matrix_multiplier.vo                       ;
; D:/Academics/FPGA-Matrix_Multiplier/Verilog_modules/Sem_5-Matrix_Muliplier/simulation/modelsim/Matrix_multiplier_7_1200mv_85c_v_slow.sdo  ;
; D:/Academics/FPGA-Matrix_Multiplier/Verilog_modules/Sem_5-Matrix_Muliplier/simulation/modelsim/Matrix_multiplier_7_1200mv_0c_v_slow.sdo   ;
; D:/Academics/FPGA-Matrix_Multiplier/Verilog_modules/Sem_5-Matrix_Muliplier/simulation/modelsim/Matrix_multiplier_min_1200mv_0c_v_fast.sdo ;
; D:/Academics/FPGA-Matrix_Multiplier/Verilog_modules/Sem_5-Matrix_Muliplier/simulation/modelsim/Matrix_multiplier_v.sdo                    ;
+-------------------------------------------------------------------------------------------------------------------------------------------+


+-----------------------------+
; EDA Netlist Writer Messages ;
+-----------------------------+
Info: *******************************************************************
Info: Running Quartus Prime EDA Netlist Writer
    Info: Version 18.1.0 Build 625 09/12/2018 SJ Lite Edition
    Info: Processing started: Wed Jul 14 12:19:04 2021
Info: Command: quartus_eda --read_settings_files=off --write_settings_files=off Matrix_multiplier -c Matrix_multiplier
Info (204019): Generated file Matrix_multiplier_7_1200mv_85c_slow.vo in folder "D:/Academics/FPGA-Matrix_Multiplier/Verilog_modules/Sem_5-Matrix_Muliplier/simulation/modelsim/" for EDA simulation tool
Info (204019): Generated file Matrix_multiplier_7_1200mv_0c_slow.vo in folder "D:/Academics/FPGA-Matrix_Multiplier/Verilog_modules/Sem_5-Matrix_Muliplier/simulation/modelsim/" for EDA simulation tool
Info (204019): Generated file Matrix_multiplier_min_1200mv_0c_fast.vo in folder "D:/Academics/FPGA-Matrix_Multiplier/Verilog_modules/Sem_5-Matrix_Muliplier/simulation/modelsim/" for EDA simulation tool
Info (204019): Generated file Matrix_multiplier.vo in folder "D:/Academics/FPGA-Matrix_Multiplier/Verilog_modules/Sem_5-Matrix_Muliplier/simulation/modelsim/" for EDA simulation tool
Info (204019): Generated file Matrix_multiplier_7_1200mv_85c_v_slow.sdo in folder "D:/Academics/FPGA-Matrix_Multiplier/Verilog_modules/Sem_5-Matrix_Muliplier/simulation/modelsim/" for EDA simulation tool
Info (204019): Generated file Matrix_multiplier_7_1200mv_0c_v_slow.sdo in folder "D:/Academics/FPGA-Matrix_Multiplier/Verilog_modules/Sem_5-Matrix_Muliplier/simulation/modelsim/" for EDA simulation tool
Info (204019): Generated file Matrix_multiplier_min_1200mv_0c_v_fast.sdo in folder "D:/Academics/FPGA-Matrix_Multiplier/Verilog_modules/Sem_5-Matrix_Muliplier/simulation/modelsim/" for EDA simulation tool
Info (204019): Generated file Matrix_multiplier_v.sdo in folder "D:/Academics/FPGA-Matrix_Multiplier/Verilog_modules/Sem_5-Matrix_Muliplier/simulation/modelsim/" for EDA simulation tool
Info: Quartus Prime EDA Netlist Writer was successful. 0 errors, 0 warnings
    Info: Peak virtual memory: 4689 megabytes
    Info: Processing ended: Wed Jul 14 12:19:09 2021
    Info: Elapsed time: 00:00:05
    Info: Total CPU time (on all processors): 00:00:05


